app/build/intermediates/manifest_merge_blame_file/debug/manifest-merger-blame-debug-report.txt
1<?xml version="1.0" encoding="utf-8"?>
2<manifest xmlns:android="http://schemas.android.com/apk/res/android"
3    package="com.example.sensortest" >
4
5    <uses-sdk
6        android:minSdkVersion="21"
6-->src\main\AndroidManifest.xml
7        android:targetSdkVersion="30" />
7-->src\main\AndroidManifest.xml
8
9    <uses-permission android:name="android.permission.INTERNET" />
9-->src\main\AndroidManifest.xml:5:5-67
9-->src\main\AndroidManifest.xml:5:22-64
10
11    <application
11-->src\main\AndroidManifest.xml:7:5-25:19
12        android:allowBackup="true"
12-->src\main\AndroidManifest.xml:8:9-35
13        android:debuggable="true"
14        android:hardwareAccelerated="true"
14-->src\main\AndroidManifest.xml:9:9-43
15        android:icon="@drawable/ic_launcher"
15-->src\main\AndroidManifest.xml:10:9-45
16        android:label="@string/app_name"
16-->src\main\AndroidManifest.xml:11:9-41
17        android:testOnly="true"
18        android:theme="@style/AppTheme" >
18-->src\main\AndroidManifest.xml:12:9-40
19        <activity
19-->src\main\AndroidManifest.xml:13:9-24:20
20            android:name="com.example.sensortest.MainActivity"
20-->src\main\AndroidManifest.xml:14:13-41
21            android:configChanges="orientation|keyboard|keyboardHidden"
21-->src\main\AndroidManifest.xml:16:13-72
22            android:label="@string/app_name"
22-->src\main\AndroidManifest.xml:18:13-45
23            android:screenOrientation="portrait"
23-->src\main\AndroidManifest.xml:15:13-49
24            android:theme="@android:style/Theme.Translucent.NoTitleBar" >
24-->src\main\AndroidManifest.xml:17:13-72
25            <intent-filter>
25-->src\main\AndroidManifest.xml:19:13-23:29
26                <action android:name="android.intent.action.MAIN" />
26-->src\main\AndroidManifest.xml:20:17-69
26-->src\main\AndroidManifest.xml:20:25-66
27
28                <category android:name="android.intent.category.LAUNCHER" />
28-->src\main\AndroidManifest.xml:22:17-77
28-->src\main\AndroidManifest.xml:22:27-74
29            </intent-filter>
30        </activity>
31    </application>
32
33</manifest>